<?xml version="1.0" encoding="UTF-8"?>
<!-- Generated by org.testng.reporters.JUnitReportReporter -->
<testsuite hostname="logesh" failures="0" tests="1" name="hms.admintestcases.FrontofficeTest" time="52.605" errors="0" timestamp="2023-03-14T18:51:16 IST" skipped="0">
  <testcase classname="hms.admintestcases.FrontofficeTest" name="frontofficetest" time="52.605"/>
  <system-out/>
</testsuite> <!-- hms.admintestcases.FrontofficeTest -->
